<?xml version="1.0" encoding="UTF-8"?>
<!-- Generated by org.testng.reporters.JUnitReportReporter -->
<testsuite hostname="DESKTOP-GRKOOS5" failures="0" tests="2" name="testcases.LoginTest" time="0.958" errors="0" timestamp="2023-12-31T18:08:37 IST" skipped="0">
  <testcase classname="testcases.LoginTest" name="loginToApplication" time="0.400"/>
  <system-out/>
  <testcase classname="testcases.LoginTest" name="loginToApplication" time="0.558"/>
  <system-out/>
</testsuite> <!-- testcases.LoginTest -->
